# Logfile created on Sun Jan 30 22:16:29 -0200 2011

Processing SessionController#new (for 127.0.0.1 at 2011-01-30 22:24:11) [GET]
Rendering template within layouts/application
Rendering session/new
Completed in 132ms (View: 101, DB: 22) | 200 OK [http://localhost/]


Processing SessionController#new (for 127.0.0.1 at 2011-01-30 22:26:23) [GET]
Rendering template within layouts/application
Rendering session/new
Completed in 73ms (View: 13, DB: 54) | 200 OK [http://localhost/]


Processing SessionController#new (for 127.0.0.1 at 2011-01-30 22:26:26) [GET]
Rendering template within layouts/application
Rendering session/new
Completed in 13ms (View: 7, DB: 2) | 200 OK [http://localhost/]


Processing SessionController#new (for 127.0.0.1 at 2011-02-01 19:36:47) [GET]
Rendering template within layouts/application
Rendering session/new
Completed in 63ms (View: 29, DB: 23) | 200 OK [http://localhost/]


Processing SessionController#new (for 192.168.2.15 at 2011-02-03 14:06:18) [GET]
Rendering template within layouts/application
Rendering session/new
Completed in 46ms (View: 32, DB: 3) | 200 OK [http://osasco.sistemas.ipf/]


Processing GroupsController#index (for 192.168.2.15 at 2011-02-03 14:06:23) [GET]
Rendering template within layouts/groups
Rendering groups/index
Completed in 69ms (View: 61, DB: 1) | 200 OK [http://osasco.sistemas.ipf/groups]


Processing GroupsController#edit (for 192.168.2.15 at 2011-02-03 14:06:37) [GET]
  Parameters: {"id"=>"15"}
Rendering template within layouts/groups
Rendering groups/edit
Completed in 2967ms (View: 2623, DB: 322) | 200 OK [http://osasco.sistemas.ipf/groups/15/edit]
